2018-02-08T12:04:35.122Z - info: Initializing jsreport@1.10.0 in development mode using configuration file: jsreport.config.json
2018-02-08T12:04:35.123Z - info: Setting process based strategy for rendering. Please visit http://jsreport.net/learn/configuration for information how to get more performance.
2018-02-08T12:04:35.132Z - info: Searching for available extensions in C:\workspace\ecsms\
2018-02-08T12:04:35.170Z - info: Extensions location cache doesn't contain entry yet, crawling
2018-02-08T12:04:41.433Z - info: Found 30 extensions
2018-02-08T12:04:41.455Z - info: Using extension import-export
2018-02-08T12:04:41.681Z - info: Using extension tags
2018-02-08T12:04:41.697Z - info: Using extension templates
2018-02-08T12:04:41.697Z - info: Using extension jsrender
2018-02-08T12:04:41.697Z - info: Using extension cli
2018-02-08T12:04:41.697Z - info: Using extension handlebars
2018-02-08T12:04:41.697Z - info: Using extension debug
2018-02-08T12:04:41.697Z - info: Using extension express
2018-02-08T12:04:41.800Z - info: Using extension fop-pdf
2018-02-08T12:04:41.869Z - info: Using extension phantom-pdf
2018-02-08T12:04:42.019Z - info: Using extension fs-store
2018-02-08T12:04:42.535Z - info: Using extension authorization
2018-02-08T12:04:42.591Z - info: Using extension images
2018-02-08T12:04:42.652Z - info: Using extension child-templates
2018-02-08T12:04:42.656Z - info: Using extension browser-client
2018-02-08T12:04:42.658Z - info: Using extension licensing
2018-02-08T12:04:42.760Z - info: Using extension data
2018-02-08T12:04:42.795Z - info: Using extension text
2018-02-08T12:04:42.795Z - info: Using extension reports
2018-02-08T12:04:42.856Z - info: Using extension resources
2018-02-08T12:04:42.907Z - info: Using extension base
2018-02-08T12:04:42.907Z - info: Using extension studio
2018-02-08T12:04:42.979Z - info: Using extension html-to-xlsx
2018-02-08T12:04:43.144Z - info: Using extension scripts
2018-02-08T12:04:43.206Z - info: Using extension assets
2018-02-08T12:04:43.231Z - info: Using extension scheduling
2018-02-08T12:04:43.299Z - info: Using extension xlsx
2018-02-08T12:04:43.510Z - info: Using extension sample-template
2018-02-08T12:04:43.554Z - info: Using extension public-templates
2018-02-08T12:04:43.603Z - info: Initializing fs storage at C:\workspace\ecsms\data
2018-02-08T12:04:43.810Z - info: Configuring routes for existing express app.
2018-02-08T12:04:43.885Z - info: Using existing server instance.
2018-02-08T12:04:43.900Z - info: Verifying license key free
2018-02-08T12:04:43.901Z - info: Using free license
2018-02-08T12:04:44.287Z - info: reporter initialized
2018-02-08T12:04:45.797Z - info: Initializing jsreport@1.10.0 in development mode using configuration file: jsreport.config.json
2018-02-08T12:04:45.797Z - info: Setting process based strategy for rendering. Please visit http://jsreport.net/learn/configuration for information how to get more performance.
2018-02-08T12:04:45.797Z - info: Searching for available extensions in C:\workspace\ecsms\
2018-02-08T12:04:45.829Z - info: Extensions location cache contains up to date information, skipping crawling in C:\workspace\ecsms\node_modules\
2018-02-08T12:04:47.696Z - info: Found 60 extensions
2018-02-08T12:04:47.728Z - info: Using extension templates
2018-02-08T12:04:47.787Z - info: Using extension debug
2018-02-08T12:04:47.790Z - info: Using extension express
2018-02-08T12:04:47.847Z - info: Using extension fop-pdf
2018-02-08T12:04:47.863Z - info: Using extension handlebars
2018-02-08T12:04:47.863Z - info: Using extension import-export
2018-02-08T12:04:48.132Z - info: Using extension jsrender
2018-02-08T12:04:48.132Z - info: Using extension templates
2018-02-08T12:04:48.132Z - info: Using extension tags
2018-02-08T12:04:48.132Z - info: Using extension cli
2018-02-08T12:04:48.132Z - info: Using extension cli
2018-02-08T12:04:48.132Z - info: Using extension debug
2018-02-08T12:04:48.132Z - info: Using extension express
2018-02-08T12:04:48.219Z - info: Using extension fop-pdf
2018-02-08T12:04:48.255Z - info: Using extension handlebars
2018-02-08T12:04:48.255Z - info: Using extension import-export
2018-02-08T12:04:48.447Z - info: Using extension jsrender
2018-02-08T12:04:48.447Z - info: Using extension tags
2018-02-08T12:04:48.447Z - info: Using extension resources
2018-02-08T12:04:48.447Z - info: Using extension browser-client
2018-02-08T12:04:48.463Z - info: Using extension studio
2018-02-08T12:04:48.563Z - info: Using extension child-templates
2018-02-08T12:04:48.578Z - info: Using extension authorization
2018-02-08T12:04:48.578Z - info: Using extension text
2018-02-08T12:04:48.578Z - info: Using extension fs-store
2018-02-08T12:04:48.900Z - info: Using extension studio
2018-02-08T12:04:48.963Z - info: Using extension authorization
2018-02-08T12:04:49.009Z - info: Using extension base
2018-02-08T12:04:49.009Z - info: Using extension browser-client
2018-02-08T12:04:49.009Z - info: Using extension child-templates
2018-02-08T12:04:49.009Z - info: Using extension html-to-xlsx
2018-02-08T12:04:49.103Z - info: Using extension data
2018-02-08T12:04:49.164Z - info: Using extension images
2018-02-08T12:04:49.168Z - info: Using extension data
2018-02-08T12:04:49.170Z - info: Using extension base
2018-02-08T12:04:49.171Z - info: Using extension fs-store
2018-02-08T12:04:49.550Z - info: Using extension licensing
2018-02-08T12:04:49.726Z - info: Using extension html-to-xlsx
2018-02-08T12:04:49.846Z - info: Using extension images
2018-02-08T12:04:49.895Z - info: Using extension phantom-pdf
2018-02-08T12:04:49.944Z - info: Using extension text
2018-02-08T12:04:49.945Z - info: Using extension licensing
2018-02-08T12:04:50.030Z - info: Using extension phantom-pdf
2018-02-08T12:04:50.115Z - info: Using extension reports
2018-02-08T12:04:50.115Z - info: Using extension reports
2018-02-08T12:04:50.162Z - info: Using extension resources
2018-02-08T12:04:50.202Z - info: Using extension assets
2018-02-08T12:04:50.215Z - info: Using extension xlsx
2018-02-08T12:04:50.445Z - info: Using extension scheduling
2018-02-08T12:04:50.531Z - info: Using extension scripts
2018-02-08T12:04:50.531Z - info: Using extension assets
2018-02-08T12:04:50.531Z - info: Using extension scheduling
2018-02-08T12:04:50.589Z - info: Using extension scripts
2018-02-08T12:04:50.646Z - info: Using extension xlsx
2018-02-08T12:04:50.827Z - info: Using extension sample-template
2018-02-08T12:04:50.867Z - info: Using extension public-templates
2018-02-08T12:04:50.908Z - info: Using extension sample-template
2018-02-08T12:04:50.911Z - info: Using extension public-templates
2018-02-08T12:04:50.918Z - info: Initializing fs storage at C:\workspace\ecsms\data
2018-02-08T12:04:51.130Z - info: Configuring routes for existing express app.
2018-02-08T12:04:51.230Z - info: Using existing server instance.
2018-02-08T12:04:51.231Z - info: Configuring routes for existing express app.
2018-02-08T12:04:51.325Z - info: Using existing server instance.
2018-02-08T12:04:51.344Z - info: Verifying license key free
2018-02-08T12:04:51.345Z - info: Using free license
2018-02-08T12:04:51.346Z - info: Verifying license key free
2018-02-08T12:04:51.347Z - info: Using free license
2018-02-08T12:04:51.352Z - info: reporter initialized
2018-02-08T12:06:07.253Z - info: Initializing jsreport@1.10.0 in development mode using configuration file: jsreport.config.json
2018-02-08T12:06:07.254Z - info: Setting process based strategy for rendering. Please visit http://jsreport.net/learn/configuration for information how to get more performance.
2018-02-08T12:06:07.257Z - info: Searching for available extensions in C:\workspace\ecsms\
2018-02-08T12:06:07.280Z - info: Extensions location cache contains up to date information, skipping crawling in C:\workspace\ecsms\node_modules\
2018-02-08T12:06:08.908Z - info: Found 60 extensions
2018-02-08T12:06:08.947Z - info: Using extension templates
2018-02-08T12:06:08.978Z - info: Using extension debug
2018-02-08T12:06:08.994Z - info: Using extension express
2018-02-08T12:06:09.041Z - info: Using extension fop-pdf
2018-02-08T12:06:09.041Z - info: Using extension handlebars
2018-02-08T12:06:09.041Z - info: Using extension import-export
2018-02-08T12:06:09.260Z - info: Using extension jsrender
2018-02-08T12:06:09.260Z - info: Using extension templates
2018-02-08T12:06:09.260Z - info: Using extension tags
2018-02-08T12:06:09.260Z - info: Using extension cli
2018-02-08T12:06:09.260Z - info: Using extension cli
2018-02-08T12:06:09.260Z - info: Using extension debug
2018-02-08T12:06:09.260Z - info: Using extension express
2018-02-08T12:06:09.333Z - info: Using extension fop-pdf
2018-02-08T12:06:09.379Z - info: Using extension handlebars
2018-02-08T12:06:09.379Z - info: Using extension import-export
2018-02-08T12:06:09.578Z - info: Using extension jsrender
2018-02-08T12:06:09.578Z - info: Using extension tags
2018-02-08T12:06:09.578Z - info: Using extension resources
2018-02-08T12:06:09.578Z - info: Using extension browser-client
2018-02-08T12:06:09.594Z - info: Using extension studio
2018-02-08T12:06:09.687Z - info: Using extension child-templates
2018-02-08T12:06:09.689Z - info: Using extension authorization
2018-02-08T12:06:09.689Z - info: Using extension text
2018-02-08T12:06:09.689Z - info: Using extension fs-store
2018-02-08T12:06:09.939Z - info: Using extension studio
2018-02-08T12:06:09.990Z - info: Using extension authorization
2018-02-08T12:06:10.038Z - info: Using extension base
2018-02-08T12:06:10.039Z - info: Using extension browser-client
2018-02-08T12:06:10.040Z - info: Using extension child-templates
2018-02-08T12:06:10.048Z - info: Using extension html-to-xlsx
2018-02-08T12:06:10.123Z - info: Using extension data
2018-02-08T12:06:10.163Z - info: Using extension images
2018-02-08T12:06:10.163Z - info: Using extension data
2018-02-08T12:06:10.163Z - info: Using extension base
2018-02-08T12:06:10.163Z - info: Using extension fs-store
2018-02-08T12:06:10.470Z - info: Using extension licensing
2018-02-08T12:06:10.594Z - info: Using extension html-to-xlsx
2018-02-08T12:06:10.710Z - info: Using extension images
2018-02-08T12:06:10.741Z - info: Using extension phantom-pdf
2018-02-08T12:06:10.788Z - info: Using extension text
2018-02-08T12:06:10.788Z - info: Using extension licensing
2018-02-08T12:06:10.866Z - info: Using extension phantom-pdf
2018-02-08T12:06:10.932Z - info: Using extension reports
2018-02-08T12:06:10.948Z - info: Using extension reports
2018-02-08T12:06:10.979Z - info: Using extension resources
2018-02-08T12:06:11.010Z - info: Using extension assets
2018-02-08T12:06:11.026Z - info: Using extension xlsx
2018-02-08T12:06:11.198Z - info: Using extension scheduling
2018-02-08T12:06:11.260Z - info: Using extension scripts
2018-02-08T12:06:11.276Z - info: Using extension assets
2018-02-08T12:06:11.276Z - info: Using extension scheduling
2018-02-08T12:06:11.307Z - info: Using extension scripts
2018-02-08T12:06:11.355Z - info: Using extension xlsx
2018-02-08T12:06:11.498Z - info: Using extension sample-template
2018-02-08T12:06:11.537Z - info: Using extension public-templates
2018-02-08T12:06:11.578Z - info: Using extension sample-template
2018-02-08T12:06:11.580Z - info: Using extension public-templates
2018-02-08T12:06:11.586Z - info: Initializing fs storage at C:\workspace\ecsms\data
2018-02-08T12:06:11.724Z - info: Configuring routes for existing express app.
2018-02-08T12:06:11.811Z - info: Using existing server instance.
2018-02-08T12:06:11.812Z - info: Configuring routes for existing express app.
2018-02-08T12:06:11.901Z - info: Using existing server instance.
2018-02-08T12:06:11.911Z - info: Verifying license key free
2018-02-08T12:06:11.979Z - info: Using free license
2018-02-08T12:06:11.980Z - info: Verifying license key free
2018-02-08T12:06:11.981Z - info: Using free license
2018-02-08T12:06:11.988Z - info: reporter initialized
2018-02-08T12:06:38.660Z - info: Initializing jsreport@1.10.0 in development mode using configuration file: jsreport.config.json
2018-02-08T12:06:38.660Z - info: Setting process based strategy for rendering. Please visit http://jsreport.net/learn/configuration for information how to get more performance.
2018-02-08T12:06:38.663Z - info: Searching for available extensions in C:\workspace\ecsms\
2018-02-08T12:06:38.686Z - info: Extensions location cache contains up to date information, skipping crawling in C:\workspace\ecsms\node_modules\
2018-02-08T12:06:40.295Z - info: Found 60 extensions
2018-02-08T12:06:40.311Z - info: Using extension templates
2018-02-08T12:06:40.362Z - info: Using extension debug
2018-02-08T12:06:40.362Z - info: Using extension express
2018-02-08T12:06:40.416Z - info: Using extension fop-pdf
2018-02-08T12:06:40.416Z - info: Using extension handlebars
2018-02-08T12:06:40.416Z - info: Using extension import-export
2018-02-08T12:06:40.639Z - info: Using extension jsrender
2018-02-08T12:06:40.640Z - info: Using extension templates
2018-02-08T12:06:40.644Z - info: Using extension tags
2018-02-08T12:06:40.645Z - info: Using extension cli
2018-02-08T12:06:40.646Z - info: Using extension cli
2018-02-08T12:06:40.647Z - info: Using extension debug
2018-02-08T12:06:40.648Z - info: Using extension express
2018-02-08T12:06:40.695Z - info: Using extension fop-pdf
2018-02-08T12:06:40.742Z - info: Using extension handlebars
2018-02-08T12:06:40.742Z - info: Using extension import-export
2018-02-08T12:06:40.938Z - info: Using extension jsrender
2018-02-08T12:06:40.939Z - info: Using extension tags
2018-02-08T12:06:40.945Z - info: Using extension resources
2018-02-08T12:06:40.951Z - info: Using extension browser-client
2018-02-08T12:06:40.952Z - info: Using extension studio
2018-02-08T12:06:41.043Z - info: Using extension child-templates
2018-02-08T12:06:41.052Z - info: Using extension authorization
2018-02-08T12:06:41.054Z - info: Using extension text
2018-02-08T12:06:41.054Z - info: Using extension fs-store
2018-02-08T12:06:41.297Z - info: Using extension studio
2018-02-08T12:06:41.348Z - info: Using extension authorization
2018-02-08T12:06:41.395Z - info: Using extension base
2018-02-08T12:06:41.395Z - info: Using extension browser-client
2018-02-08T12:06:41.395Z - info: Using extension child-templates
2018-02-08T12:06:41.395Z - info: Using extension html-to-xlsx
2018-02-08T12:06:41.491Z - info: Using extension data
2018-02-08T12:06:41.544Z - info: Using extension images
2018-02-08T12:06:41.550Z - info: Using extension data
2018-02-08T12:06:41.551Z - info: Using extension base
2018-02-08T12:06:41.552Z - info: Using extension fs-store
2018-02-08T12:06:41.874Z - info: Using extension licensing
2018-02-08T12:06:41.995Z - info: Using extension html-to-xlsx
2018-02-08T12:06:42.095Z - info: Using extension images
2018-02-08T12:06:42.132Z - info: Using extension phantom-pdf
2018-02-08T12:06:42.179Z - info: Using extension text
2018-02-08T12:06:42.179Z - info: Using extension licensing
2018-02-08T12:06:42.257Z - info: Using extension phantom-pdf
2018-02-08T12:06:42.335Z - info: Using extension reports
2018-02-08T12:06:42.335Z - info: Using extension reports
2018-02-08T12:06:42.382Z - info: Using extension resources
2018-02-08T12:06:42.413Z - info: Using extension assets
2018-02-08T12:06:42.429Z - info: Using extension xlsx
2018-02-08T12:06:42.595Z - info: Using extension scheduling
2018-02-08T12:06:42.673Z - info: Using extension scripts
2018-02-08T12:06:42.673Z - info: Using extension assets
2018-02-08T12:06:42.673Z - info: Using extension scheduling
2018-02-08T12:06:42.719Z - info: Using extension scripts
2018-02-08T12:06:42.748Z - info: Using extension xlsx
2018-02-08T12:06:42.900Z - info: Using extension sample-template
2018-02-08T12:06:42.937Z - info: Using extension public-templates
2018-02-08T12:06:42.977Z - info: Using extension sample-template
2018-02-08T12:06:42.979Z - info: Using extension public-templates
2018-02-08T12:06:42.985Z - info: Initializing fs storage at C:\workspace\ecsms\data
2018-02-08T12:06:43.123Z - info: Configuring routes for existing express app.
2018-02-08T12:06:43.190Z - info: Using existing server instance.
2018-02-08T12:06:43.190Z - info: Configuring routes for existing express app.
2018-02-08T12:06:43.284Z - info: Using existing server instance.
2018-02-08T12:06:43.284Z - info: Verifying license key free
2018-02-08T12:06:43.362Z - info: Using free license
2018-02-08T12:06:43.362Z - info: Verifying license key free
2018-02-08T12:06:43.362Z - info: Using free license
2018-02-08T12:06:43.362Z - info: reporter initialized
2018-02-08T12:06:52.326Z - info: Initializing jsreport@1.10.0 in development mode using configuration file: jsreport.config.json
2018-02-08T12:06:52.327Z - info: Setting process based strategy for rendering. Please visit http://jsreport.net/learn/configuration for information how to get more performance.
2018-02-08T12:06:52.330Z - info: Searching for available extensions in C:\workspace\ecsms\
2018-02-08T12:06:52.355Z - info: Extensions location cache contains up to date information, skipping crawling in C:\workspace\ecsms\node_modules\
2018-02-08T12:06:53.962Z - info: Found 60 extensions
2018-02-08T12:06:53.991Z - info: Using extension templates
2018-02-08T12:06:54.026Z - info: Using extension debug
2018-02-08T12:06:54.026Z - info: Using extension express
2018-02-08T12:06:54.073Z - info: Using extension fop-pdf
2018-02-08T12:06:54.090Z - info: Using extension handlebars
2018-02-08T12:06:54.092Z - info: Using extension import-export
2018-02-08T12:06:54.288Z - info: Using extension jsrender
2018-02-08T12:06:54.288Z - info: Using extension templates
2018-02-08T12:06:54.303Z - info: Using extension tags
2018-02-08T12:06:54.303Z - info: Using extension cli
2018-02-08T12:06:54.303Z - info: Using extension cli
2018-02-08T12:06:54.303Z - info: Using extension debug
2018-02-08T12:06:54.303Z - info: Using extension express
2018-02-08T12:06:54.369Z - info: Using extension fop-pdf
2018-02-08T12:06:54.402Z - info: Using extension handlebars
2018-02-08T12:06:54.402Z - info: Using extension import-export
2018-02-08T12:06:54.591Z - info: Using extension jsrender
2018-02-08T12:06:54.591Z - info: Using extension tags
2018-02-08T12:06:54.597Z - info: Using extension resources
2018-02-08T12:06:54.602Z - info: Using extension browser-client
2018-02-08T12:06:54.604Z - info: Using extension studio
2018-02-08T12:06:54.698Z - info: Using extension child-templates
2018-02-08T12:06:54.706Z - info: Using extension authorization
2018-02-08T12:06:54.708Z - info: Using extension text
2018-02-08T12:06:54.708Z - info: Using extension fs-store
2018-02-08T12:06:54.943Z - info: Using extension studio
2018-02-08T12:06:55.003Z - info: Using extension authorization
2018-02-08T12:06:55.043Z - info: Using extension base
2018-02-08T12:06:55.043Z - info: Using extension browser-client
2018-02-08T12:06:55.045Z - info: Using extension child-templates
2018-02-08T12:06:55.052Z - info: Using extension html-to-xlsx
2018-02-08T12:06:55.126Z - info: Using extension data
2018-02-08T12:06:55.171Z - info: Using extension images
2018-02-08T12:06:55.174Z - info: Using extension data
2018-02-08T12:06:55.176Z - info: Using extension base
2018-02-08T12:06:55.177Z - info: Using extension fs-store
2018-02-08T12:06:55.492Z - info: Using extension licensing
2018-02-08T12:06:55.607Z - info: Using extension html-to-xlsx
2018-02-08T12:06:55.722Z - info: Using extension images
2018-02-08T12:06:55.761Z - info: Using extension phantom-pdf
2018-02-08T12:06:55.791Z - info: Using extension text
2018-02-08T12:06:55.791Z - info: Using extension licensing
2018-02-08T12:06:55.875Z - info: Using extension phantom-pdf
2018-02-08T12:06:55.953Z - info: Using extension reports
2018-02-08T12:06:55.953Z - info: Using extension reports
2018-02-08T12:06:55.985Z - info: Using extension resources
2018-02-08T12:06:56.031Z - info: Using extension assets
2018-02-08T12:06:56.031Z - info: Using extension xlsx
2018-02-08T12:06:56.219Z - info: Using extension scheduling
2018-02-08T12:06:56.282Z - info: Using extension scripts
2018-02-08T12:06:56.282Z - info: Using extension assets
2018-02-08T12:06:56.297Z - info: Using extension scheduling
2018-02-08T12:06:56.329Z - info: Using extension scripts
2018-02-08T12:06:56.360Z - info: Using extension xlsx
2018-02-08T12:06:56.524Z - info: Using extension sample-template
2018-02-08T12:06:56.562Z - info: Using extension public-templates
2018-02-08T12:06:56.601Z - info: Using extension sample-template
2018-02-08T12:06:56.603Z - info: Using extension public-templates
2018-02-08T12:06:56.605Z - info: Initializing fs storage at C:\workspace\ecsms\data
2018-02-08T12:06:56.792Z - info: Configuring routes for existing express app.
2018-02-08T12:06:56.870Z - info: Using existing server instance.
2018-02-08T12:06:56.870Z - info: Configuring routes for existing express app.
2018-02-08T12:06:56.975Z - info: Using existing server instance.
2018-02-08T12:06:56.991Z - info: Verifying license key free
2018-02-08T12:06:57.060Z - info: Using free license
2018-02-08T12:06:57.061Z - info: Verifying license key free
2018-02-08T12:06:57.062Z - info: Using free license
2018-02-08T12:06:57.068Z - info: reporter initialized
2018-02-08T12:07:06.413Z - info: Initializing jsreport@1.10.0 in development mode using configuration file: jsreport.config.json
2018-02-08T12:07:06.413Z - info: Setting process based strategy for rendering. Please visit http://jsreport.net/learn/configuration for information how to get more performance.
2018-02-08T12:07:06.416Z - info: Searching for available extensions in C:\workspace\ecsms\
2018-02-08T12:07:06.439Z - info: Extensions location cache contains up to date information, skipping crawling in C:\workspace\ecsms\node_modules\
2018-02-08T12:07:08.071Z - info: Found 60 extensions
2018-02-08T12:07:08.100Z - info: Using extension templates
2018-02-08T12:07:08.145Z - info: Using extension debug
2018-02-08T12:07:08.147Z - info: Using extension express
2018-02-08T12:07:08.197Z - info: Using extension fop-pdf
2018-02-08T12:07:08.204Z - info: Using extension handlebars
2018-02-08T12:07:08.205Z - info: Using extension import-export
2018-02-08T12:07:08.416Z - info: Using extension jsrender
2018-02-08T12:07:08.417Z - info: Using extension templates
2018-02-08T12:07:08.421Z - info: Using extension tags
2018-02-08T12:07:08.423Z - info: Using extension cli
2018-02-08T12:07:08.423Z - info: Using extension cli
2018-02-08T12:07:08.424Z - info: Using extension debug
2018-02-08T12:07:08.425Z - info: Using extension express
2018-02-08T12:07:08.493Z - info: Using extension fop-pdf
2018-02-08T12:07:08.536Z - info: Using extension handlebars
2018-02-08T12:07:08.537Z - info: Using extension import-export
2018-02-08T12:07:08.700Z - info: Using extension jsrender
2018-02-08T12:07:08.700Z - info: Using extension tags
2018-02-08T12:07:08.715Z - info: Using extension resources
2018-02-08T12:07:08.715Z - info: Using extension browser-client
2018-02-08T12:07:08.715Z - info: Using extension studio
2018-02-08T12:07:08.809Z - info: Using extension child-templates
2018-02-08T12:07:08.809Z - info: Using extension authorization
2018-02-08T12:07:08.825Z - info: Using extension text
2018-02-08T12:07:08.825Z - info: Using extension fs-store
2018-02-08T12:07:09.056Z - info: Using extension studio
2018-02-08T12:07:09.104Z - info: Using extension authorization
2018-02-08T12:07:09.135Z - info: Using extension base
2018-02-08T12:07:09.150Z - info: Using extension browser-client
2018-02-08T12:07:09.150Z - info: Using extension child-templates
2018-02-08T12:07:09.150Z - info: Using extension html-to-xlsx
2018-02-08T12:07:09.229Z - info: Using extension data
2018-02-08T12:07:09.260Z - info: Using extension images
2018-02-08T12:07:09.275Z - info: Using extension data
2018-02-08T12:07:09.275Z - info: Using extension base
2018-02-08T12:07:09.275Z - info: Using extension fs-store
2018-02-08T12:07:09.583Z - info: Using extension licensing
2018-02-08T12:07:09.692Z - info: Using extension html-to-xlsx
2018-02-08T12:07:09.795Z - info: Using extension images
2018-02-08T12:07:09.842Z - info: Using extension phantom-pdf
2018-02-08T12:07:09.873Z - info: Using extension text
2018-02-08T12:07:09.889Z - info: Using extension licensing
2018-02-08T12:07:09.951Z - info: Using extension phantom-pdf
2018-02-08T12:07:10.030Z - info: Using extension reports
2018-02-08T12:07:10.030Z - info: Using extension reports
2018-02-08T12:07:10.074Z - info: Using extension resources
2018-02-08T12:07:10.105Z - info: Using extension assets
2018-02-08T12:07:10.126Z - info: Using extension xlsx
2018-02-08T12:07:10.288Z - info: Using extension scheduling
2018-02-08T12:07:10.362Z - info: Using extension scripts
2018-02-08T12:07:10.362Z - info: Using extension assets
2018-02-08T12:07:10.362Z - info: Using extension scheduling
2018-02-08T12:07:10.393Z - info: Using extension scripts
2018-02-08T12:07:10.440Z - info: Using extension xlsx
2018-02-08T12:07:10.564Z - info: Using extension sample-template
2018-02-08T12:07:10.614Z - info: Using extension public-templates
2018-02-08T12:07:10.652Z - info: Using extension sample-template
2018-02-08T12:07:10.654Z - info: Using extension public-templates
2018-02-08T12:07:10.660Z - info: Initializing fs storage at C:\workspace\ecsms\data
2018-02-08T12:07:10.794Z - info: Configuring routes for existing express app.
2018-02-08T12:07:10.869Z - info: Using existing server instance.
2018-02-08T12:07:10.869Z - info: Configuring routes for existing express app.
2018-02-08T12:07:10.964Z - info: Using existing server instance.
2018-02-08T12:07:10.964Z - info: Verifying license key free
2018-02-08T12:07:11.036Z - info: Using free license
2018-02-08T12:07:11.036Z - info: Verifying license key free
2018-02-08T12:07:11.036Z - info: Using free license
2018-02-08T12:07:11.036Z - info: reporter initialized
2018-02-08T12:07:18.963Z - info: Initializing jsreport@1.10.0 in development mode using configuration file: jsreport.config.json
2018-02-08T12:07:18.963Z - info: Setting process based strategy for rendering. Please visit http://jsreport.net/learn/configuration for information how to get more performance.
2018-02-08T12:07:18.966Z - info: Searching for available extensions in C:\workspace\ecsms\
2018-02-08T12:07:18.989Z - info: Extensions location cache contains up to date information, skipping crawling in C:\workspace\ecsms\node_modules\
2018-02-08T12:07:20.579Z - info: Found 60 extensions
2018-02-08T12:07:20.610Z - info: Using extension templates
2018-02-08T12:07:20.657Z - info: Using extension debug
2018-02-08T12:07:20.657Z - info: Using extension express
2018-02-08T12:07:20.704Z - info: Using extension fop-pdf
2018-02-08T12:07:20.704Z - info: Using extension handlebars
2018-02-08T12:07:20.704Z - info: Using extension import-export
2018-02-08T12:07:20.935Z - info: Using extension jsrender
2018-02-08T12:07:20.935Z - info: Using extension templates
2018-02-08T12:07:20.940Z - info: Using extension tags
2018-02-08T12:07:20.941Z - info: Using extension cli
2018-02-08T12:07:20.942Z - info: Using extension cli
2018-02-08T12:07:20.943Z - info: Using extension debug
2018-02-08T12:07:20.944Z - info: Using extension express
2018-02-08T12:07:21.009Z - info: Using extension fop-pdf
2018-02-08T12:07:21.053Z - info: Using extension handlebars
2018-02-08T12:07:21.054Z - info: Using extension import-export
2018-02-08T12:07:21.238Z - info: Using extension jsrender
2018-02-08T12:07:21.239Z - info: Using extension tags
2018-02-08T12:07:21.245Z - info: Using extension resources
2018-02-08T12:07:21.251Z - info: Using extension browser-client
2018-02-08T12:07:21.252Z - info: Using extension studio
2018-02-08T12:07:21.332Z - info: Using extension child-templates
2018-02-08T12:07:21.348Z - info: Using extension authorization
2018-02-08T12:07:21.348Z - info: Using extension text
2018-02-08T12:07:21.348Z - info: Using extension fs-store
2018-02-08T12:07:21.601Z - info: Using extension studio
2018-02-08T12:07:21.663Z - info: Using extension authorization
2018-02-08T12:07:21.695Z - info: Using extension base
2018-02-08T12:07:21.710Z - info: Using extension browser-client
2018-02-08T12:07:21.710Z - info: Using extension child-templates
2018-02-08T12:07:21.710Z - info: Using extension html-to-xlsx
2018-02-08T12:07:21.779Z - info: Using extension data
2018-02-08T12:07:21.826Z - info: Using extension images
2018-02-08T12:07:21.826Z - info: Using extension data
2018-02-08T12:07:21.842Z - info: Using extension base
2018-02-08T12:07:21.842Z - info: Using extension fs-store
2018-02-08T12:07:22.148Z - info: Using extension licensing
2018-02-08T12:07:22.287Z - info: Using extension html-to-xlsx
2018-02-08T12:07:22.395Z - info: Using extension images
2018-02-08T12:07:22.434Z - info: Using extension phantom-pdf
2018-02-08T12:07:22.477Z - info: Using extension text
2018-02-08T12:07:22.477Z - info: Using extension licensing
2018-02-08T12:07:22.560Z - info: Using extension phantom-pdf
2018-02-08T12:07:22.636Z - info: Using extension reports
2018-02-08T12:07:22.640Z - info: Using extension reports
2018-02-08T12:07:22.674Z - info: Using extension resources
2018-02-08T12:07:22.707Z - info: Using extension assets
2018-02-08T12:07:22.723Z - info: Using extension xlsx
2018-02-08T12:07:22.899Z - info: Using extension scheduling
2018-02-08T12:07:22.973Z - info: Using extension scripts
2018-02-08T12:07:22.976Z - info: Using extension assets
2018-02-08T12:07:22.981Z - info: Using extension scheduling
2018-02-08T12:07:23.014Z - info: Using extension scripts
2018-02-08T12:07:23.056Z - info: Using extension xlsx
2018-02-08T12:07:23.198Z - info: Using extension sample-template
2018-02-08T12:07:23.236Z - info: Using extension public-templates
2018-02-08T12:07:23.265Z - info: Using extension sample-template
2018-02-08T12:07:23.265Z - info: Using extension public-templates
2018-02-08T12:07:23.280Z - info: Initializing fs storage at C:\workspace\ecsms\data
2018-02-08T12:07:23.410Z - info: Configuring routes for existing express app.
2018-02-08T12:07:23.488Z - info: Using existing server instance.
2018-02-08T12:07:23.488Z - info: Configuring routes for existing express app.
2018-02-08T12:07:23.566Z - info: Using existing server instance.
2018-02-08T12:07:23.582Z - info: Verifying license key free
2018-02-08T12:07:23.644Z - info: Using free license
2018-02-08T12:07:23.644Z - info: Verifying license key free
2018-02-08T12:07:23.644Z - info: Using free license
2018-02-08T12:07:23.644Z - info: reporter initialized
2018-02-08T12:11:28.325Z - info: Initializing jsreport@1.10.0 in development mode using configuration file: jsreport.config.json
2018-02-08T12:11:28.326Z - info: Setting process based strategy for rendering. Please visit http://jsreport.net/learn/configuration for information how to get more performance.
2018-02-08T12:11:28.329Z - info: Searching for available extensions in C:\workspace\ecsms\
2018-02-08T12:11:28.352Z - info: Extensions location cache contains up to date information, skipping crawling in C:\workspace\ecsms\node_modules\
2018-02-08T12:11:29.981Z - info: Found 60 extensions
2018-02-08T12:11:30.015Z - info: Using extension templates
2018-02-08T12:11:30.061Z - info: Using extension debug
2018-02-08T12:11:30.063Z - info: Using extension express
2018-02-08T12:11:30.113Z - info: Using extension fop-pdf
2018-02-08T12:11:30.120Z - info: Using extension handlebars
2018-02-08T12:11:30.121Z - info: Using extension import-export
2018-02-08T12:11:30.323Z - info: Using extension jsrender
2018-02-08T12:11:30.323Z - info: Using extension templates
2018-02-08T12:11:30.323Z - info: Using extension tags
2018-02-08T12:11:30.339Z - info: Using extension cli
2018-02-08T12:11:30.339Z - info: Using extension cli
2018-02-08T12:11:30.339Z - info: Using extension debug
2018-02-08T12:11:30.339Z - info: Using extension express
2018-02-08T12:11:30.406Z - info: Using extension fop-pdf
2018-02-08T12:11:30.446Z - info: Using extension handlebars
2018-02-08T12:11:30.446Z - info: Using extension import-export
2018-02-08T12:11:30.630Z - info: Using extension jsrender
2018-02-08T12:11:30.630Z - info: Using extension tags
2018-02-08T12:11:30.642Z - info: Using extension resources
2018-02-08T12:11:30.648Z - info: Using extension browser-client
2018-02-08T12:11:30.649Z - info: Using extension studio
2018-02-08T12:11:30.745Z - info: Using extension child-templates
2018-02-08T12:11:30.753Z - info: Using extension authorization
2018-02-08T12:11:30.755Z - info: Using extension text
2018-02-08T12:11:30.756Z - info: Using extension fs-store
2018-02-08T12:11:30.997Z - info: Using extension studio
2018-02-08T12:11:31.044Z - info: Using extension authorization
2018-02-08T12:11:31.091Z - info: Using extension base
2018-02-08T12:11:31.091Z - info: Using extension browser-client
2018-02-08T12:11:31.091Z - info: Using extension child-templates
2018-02-08T12:11:31.106Z - info: Using extension html-to-xlsx
2018-02-08T12:11:31.187Z - info: Using extension data
2018-02-08T12:11:31.243Z - info: Using extension images
2018-02-08T12:11:31.247Z - info: Using extension data
2018-02-08T12:11:31.248Z - info: Using extension base
2018-02-08T12:11:31.249Z - info: Using extension fs-store
2018-02-08T12:11:31.549Z - info: Using extension licensing
2018-02-08T12:11:31.686Z - info: Using extension html-to-xlsx
2018-02-08T12:11:31.776Z - info: Using extension images
2018-02-08T12:11:31.823Z - info: Using extension phantom-pdf
2018-02-08T12:11:31.870Z - info: Using extension text
2018-02-08T12:11:31.870Z - info: Using extension licensing
2018-02-08T12:11:31.955Z - info: Using extension phantom-pdf
2018-02-08T12:11:32.025Z - info: Using extension reports
2018-02-08T12:11:32.025Z - info: Using extension reports
2018-02-08T12:11:32.061Z - info: Using extension resources
2018-02-08T12:11:32.108Z - info: Using extension assets
2018-02-08T12:11:32.108Z - info: Using extension xlsx
2018-02-08T12:11:32.290Z - info: Using extension scheduling
2018-02-08T12:11:32.369Z - info: Using extension scripts
2018-02-08T12:11:32.369Z - info: Using extension assets
2018-02-08T12:11:32.369Z - info: Using extension scheduling
2018-02-08T12:11:32.400Z - info: Using extension scripts
2018-02-08T12:11:32.447Z - info: Using extension xlsx
2018-02-08T12:11:32.581Z - info: Using extension sample-template
2018-02-08T12:11:32.628Z - info: Using extension public-templates
2018-02-08T12:11:32.659Z - info: Using extension sample-template
2018-02-08T12:11:32.659Z - info: Using extension public-templates
2018-02-08T12:11:32.675Z - info: Initializing fs storage at C:\workspace\ecsms\data
2018-02-08T12:11:32.862Z - info: Configuring routes for existing express app.
2018-02-08T12:11:32.950Z - info: Using existing server instance.
2018-02-08T12:11:32.950Z - info: Configuring routes for existing express app.
2018-02-08T12:11:33.062Z - info: Using existing server instance.
2018-02-08T12:11:33.062Z - info: Verifying license key free
2018-02-08T12:11:33.140Z - info: Using free license
2018-02-08T12:11:33.140Z - info: Verifying license key free
2018-02-08T12:11:33.156Z - info: Using free license
2018-02-08T12:11:33.156Z - info: reporter initialized
2018-02-08T12:11:49.127Z - info: Initializing jsreport@1.10.0 in development mode using configuration file: jsreport.config.json
2018-02-08T12:11:49.128Z - info: Setting process based strategy for rendering. Please visit http://jsreport.net/learn/configuration for information how to get more performance.
2018-02-08T12:11:49.132Z - info: Searching for available extensions in C:\workspace\ecsms\
2018-02-08T12:11:49.158Z - info: Extensions location cache contains up to date information, skipping crawling in C:\workspace\ecsms\node_modules\
2018-02-08T12:11:50.736Z - info: Found 60 extensions
2018-02-08T12:11:50.768Z - info: Using extension templates
2018-02-08T12:11:50.814Z - info: Using extension debug
2018-02-08T12:11:50.814Z - info: Using extension express
2018-02-08T12:11:50.861Z - info: Using extension fop-pdf
2018-02-08T12:11:50.861Z - info: Using extension handlebars
2018-02-08T12:11:50.861Z - info: Using extension import-export
2018-02-08T12:11:51.073Z - info: Using extension jsrender
2018-02-08T12:11:51.073Z - info: Using extension templates
2018-02-08T12:11:51.089Z - info: Using extension tags
2018-02-08T12:11:51.089Z - info: Using extension cli
2018-02-08T12:11:51.089Z - info: Using extension cli
2018-02-08T12:11:51.089Z - info: Using extension debug
2018-02-08T12:11:51.089Z - info: Using extension express
2018-02-08T12:11:51.151Z - info: Using extension fop-pdf
2018-02-08T12:11:51.182Z - info: Using extension handlebars
2018-02-08T12:11:51.182Z - info: Using extension import-export
2018-02-08T12:11:51.355Z - info: Using extension jsrender
2018-02-08T12:11:51.355Z - info: Using extension tags
2018-02-08T12:11:51.371Z - info: Using extension resources
2018-02-08T12:11:51.371Z - info: Using extension browser-client
2018-02-08T12:11:51.371Z - info: Using extension studio
2018-02-08T12:11:51.472Z - info: Using extension child-templates
2018-02-08T12:11:51.472Z - info: Using extension authorization
2018-02-08T12:11:51.472Z - info: Using extension text
2018-02-08T12:11:51.472Z - info: Using extension fs-store
2018-02-08T12:11:51.706Z - info: Using extension studio
2018-02-08T12:11:51.750Z - info: Using extension authorization
2018-02-08T12:11:51.797Z - info: Using extension base
2018-02-08T12:11:51.797Z - info: Using extension browser-client
2018-02-08T12:11:51.797Z - info: Using extension child-templates
2018-02-08T12:11:51.813Z - info: Using extension html-to-xlsx
2018-02-08T12:11:51.887Z - info: Using extension data
2018-02-08T12:11:51.929Z - info: Using extension images
2018-02-08T12:11:51.933Z - info: Using extension data
2018-02-08T12:11:51.934Z - info: Using extension base
2018-02-08T12:11:51.935Z - info: Using extension fs-store
2018-02-08T12:11:52.269Z - info: Using extension licensing
2018-02-08T12:11:52.392Z - info: Using extension html-to-xlsx
2018-02-08T12:11:52.497Z - info: Using extension images
2018-02-08T12:11:52.537Z - info: Using extension phantom-pdf
2018-02-08T12:11:52.574Z - info: Using extension text
2018-02-08T12:11:52.574Z - info: Using extension licensing
2018-02-08T12:11:52.652Z - info: Using extension phantom-pdf
2018-02-08T12:11:52.749Z - info: Using extension reports
2018-02-08T12:11:52.753Z - info: Using extension reports
2018-02-08T12:11:52.793Z - info: Using extension resources
2018-02-08T12:11:52.830Z - info: Using extension assets
2018-02-08T12:11:52.843Z - info: Using extension xlsx
2018-02-08T12:11:53.008Z - info: Using extension scheduling
2018-02-08T12:11:53.086Z - info: Using extension scripts
2018-02-08T12:11:53.086Z - info: Using extension assets
2018-02-08T12:11:53.086Z - info: Using extension scheduling
2018-02-08T12:11:53.117Z - info: Using extension scripts
2018-02-08T12:11:53.164Z - info: Using extension xlsx
2018-02-08T12:11:53.305Z - info: Using extension sample-template
2018-02-08T12:11:53.348Z - info: Using extension public-templates
2018-02-08T12:11:53.372Z - info: Using extension sample-template
2018-02-08T12:11:53.388Z - info: Using extension public-templates
2018-02-08T12:11:53.388Z - info: Initializing fs storage at C:\workspace\ecsms\data
2018-02-08T12:11:53.544Z - info: Configuring routes for existing express app.
2018-02-08T12:11:53.622Z - info: Using existing server instance.
2018-02-08T12:11:53.622Z - info: Configuring routes for existing express app.
2018-02-08T12:11:53.716Z - info: Using existing server instance.
2018-02-08T12:11:53.716Z - info: Verifying license key free
2018-02-08T12:11:53.798Z - info: Using free license
2018-02-08T12:11:53.798Z - info: Verifying license key free
2018-02-08T12:11:53.798Z - info: Using free license
2018-02-08T12:11:53.798Z - info: reporter initialized
2018-02-08T12:39:04.724Z - info: Initializing jsreport@1.10.0 in development mode using configuration file: jsreport.config.json
2018-02-08T12:39:04.725Z - info: Setting process based strategy for rendering. Please visit http://jsreport.net/learn/configuration for information how to get more performance.
2018-02-08T12:39:04.728Z - info: Searching for available extensions in C:\workspace\ecsms\
2018-02-08T12:39:04.751Z - info: Extensions location cache contains up to date information, skipping crawling in C:\workspace\ecsms\node_modules\
2018-02-08T12:39:06.666Z - info: Found 60 extensions
2018-02-08T12:39:06.704Z - info: Using extension templates
2018-02-08T12:39:06.763Z - info: Using extension debug
2018-02-08T12:39:06.767Z - info: Using extension express
2018-02-08T12:39:06.837Z - info: Using extension fop-pdf
2018-02-08T12:39:06.846Z - info: Using extension handlebars
2018-02-08T12:39:06.848Z - info: Using extension import-export
2018-02-08T12:39:07.109Z - info: Using extension jsrender
2018-02-08T12:39:07.109Z - info: Using extension templates
2018-02-08T12:39:07.125Z - info: Using extension tags
2018-02-08T12:39:07.125Z - info: Using extension cli
2018-02-08T12:39:07.125Z - info: Using extension cli
2018-02-08T12:39:07.125Z - info: Using extension debug
2018-02-08T12:39:07.125Z - info: Using extension express
2018-02-08T12:39:07.203Z - info: Using extension fop-pdf
2018-02-08T12:39:07.250Z - info: Using extension handlebars
2018-02-08T12:39:07.250Z - info: Using extension import-export
2018-02-08T12:39:07.509Z - info: Using extension jsrender
2018-02-08T12:39:07.509Z - info: Using extension tags
2018-02-08T12:39:07.519Z - info: Using extension resources
2018-02-08T12:39:07.526Z - info: Using extension browser-client
2018-02-08T12:39:07.528Z - info: Using extension studio
2018-02-08T12:39:07.648Z - info: Using extension child-templates
2018-02-08T12:39:07.648Z - info: Using extension authorization
2018-02-08T12:39:07.664Z - info: Using extension text
2018-02-08T12:39:07.664Z - info: Using extension fs-store
2018-02-08T12:39:07.979Z - info: Using extension studio
2018-02-08T12:39:08.057Z - info: Using extension authorization
2018-02-08T12:39:08.104Z - info: Using extension base
2018-02-08T12:39:08.104Z - info: Using extension browser-client
2018-02-08T12:39:08.104Z - info: Using extension child-templates
2018-02-08T12:39:08.119Z - info: Using extension html-to-xlsx
2018-02-08T12:39:08.211Z - info: Using extension data
2018-02-08T12:39:08.273Z - info: Using extension images
2018-02-08T12:39:08.273Z - info: Using extension data
2018-02-08T12:39:08.273Z - info: Using extension base
2018-02-08T12:39:08.273Z - info: Using extension fs-store
2018-02-08T12:39:08.702Z - info: Using extension licensing
2018-02-08T12:39:08.869Z - info: Using extension html-to-xlsx
2018-02-08T12:39:09.017Z - info: Using extension images
2018-02-08T12:39:09.068Z - info: Using extension phantom-pdf
2018-02-08T12:39:09.115Z - info: Using extension text
2018-02-08T12:39:09.116Z - info: Using extension licensing
2018-02-08T12:39:09.222Z - info: Using extension phantom-pdf
2018-02-08T12:39:09.317Z - info: Using extension reports
2018-02-08T12:39:09.321Z - info: Using extension reports
2018-02-08T12:39:09.372Z - info: Using extension resources
2018-02-08T12:39:09.419Z - info: Using extension assets
2018-02-08T12:39:09.434Z - info: Using extension xlsx
2018-02-08T12:39:09.671Z - info: Using extension scheduling
2018-02-08T12:39:09.768Z - info: Using extension scripts
2018-02-08T12:39:09.771Z - info: Using extension assets
2018-02-08T12:39:09.778Z - info: Using extension scheduling
2018-02-08T12:39:09.823Z - info: Using extension scripts
2018-02-08T12:39:09.879Z - info: Using extension xlsx
2018-02-08T12:39:10.059Z - info: Using extension sample-template
2018-02-08T12:39:10.109Z - info: Using extension public-templates
2018-02-08T12:39:10.162Z - info: Using extension sample-template
2018-02-08T12:39:10.164Z - info: Using extension public-templates
2018-02-08T12:39:10.172Z - info: Initializing fs storage at C:\workspace\ecsms\data
2018-02-08T12:39:10.376Z - info: Configuring routes for existing express app.
2018-02-08T12:39:10.468Z - info: Using existing server instance.
2018-02-08T12:39:10.468Z - info: Configuring routes for existing express app.
2018-02-08T12:39:10.569Z - info: Using existing server instance.
2018-02-08T12:39:10.585Z - info: Verifying license key free
2018-02-08T12:39:10.586Z - info: Using free license
2018-02-08T12:39:10.586Z - info: Verifying license key free
2018-02-08T12:39:10.587Z - info: Using free license
2018-02-08T12:39:10.590Z - info: reporter initialized
2018-02-08T12:43:49.223Z - info: Initializing jsreport@1.10.0 in development mode using configuration file: jsreport.config.json
2018-02-08T12:43:49.224Z - info: Setting process based strategy for rendering. Please visit http://jsreport.net/learn/configuration for information how to get more performance.
2018-02-08T12:43:49.226Z - info: Searching for available extensions in C:\workspace\ecsms\
2018-02-08T12:43:49.302Z - info: Extensions location cache contains up to date information, skipping crawling in C:\workspace\ecsms\node_modules\
2018-02-08T12:43:51.020Z - info: Found 60 extensions
2018-02-08T12:43:51.052Z - info: Using extension templates
2018-02-08T12:43:51.121Z - info: Using extension debug
2018-02-08T12:43:51.123Z - info: Using extension express
2018-02-08T12:43:51.183Z - info: Using extension fop-pdf
2018-02-08T12:43:51.193Z - info: Using extension handlebars
2018-02-08T12:43:51.194Z - info: Using extension import-export
2018-02-08T12:43:51.484Z - info: Using extension jsrender
2018-02-08T12:43:51.485Z - info: Using extension templates
2018-02-08T12:43:51.490Z - info: Using extension tags
2018-02-08T12:43:51.493Z - info: Using extension cli
2018-02-08T12:43:51.494Z - info: Using extension cli
2018-02-08T12:43:51.495Z - info: Using extension debug
2018-02-08T12:43:51.497Z - info: Using extension express
2018-02-08T12:43:51.596Z - info: Using extension fop-pdf
2018-02-08T12:43:51.655Z - info: Using extension handlebars
2018-02-08T12:43:51.656Z - info: Using extension import-export
2018-02-08T12:43:51.874Z - info: Using extension jsrender
2018-02-08T12:43:51.875Z - info: Using extension tags
2018-02-08T12:43:51.881Z - info: Using extension resources
2018-02-08T12:43:51.887Z - info: Using extension browser-client
2018-02-08T12:43:51.888Z - info: Using extension studio
2018-02-08T12:43:51.984Z - info: Using extension child-templates
2018-02-08T12:43:51.992Z - info: Using extension authorization
2018-02-08T12:43:51.994Z - info: Using extension text
2018-02-08T12:43:51.995Z - info: Using extension fs-store
2018-02-08T12:43:52.238Z - info: Using extension studio
2018-02-08T12:43:52.291Z - info: Using extension authorization
2018-02-08T12:43:52.330Z - info: Using extension base
2018-02-08T12:43:52.330Z - info: Using extension browser-client
2018-02-08T12:43:52.332Z - info: Using extension child-templates
2018-02-08T12:43:52.339Z - info: Using extension html-to-xlsx
2018-02-08T12:43:52.413Z - info: Using extension data
2018-02-08T12:43:52.451Z - info: Using extension images
2018-02-08T12:43:52.454Z - info: Using extension data
2018-02-08T12:43:52.455Z - info: Using extension base
2018-02-08T12:43:52.456Z - info: Using extension fs-store
2018-02-08T12:43:52.751Z - info: Using extension licensing
2018-02-08T12:43:52.917Z - info: Using extension html-to-xlsx
2018-02-08T12:43:53.019Z - info: Using extension images
2018-02-08T12:43:53.064Z - info: Using extension phantom-pdf
2018-02-08T12:43:53.098Z - info: Using extension text
2018-02-08T12:43:53.098Z - info: Using extension licensing
2018-02-08T12:43:53.176Z - info: Using extension phantom-pdf
2018-02-08T12:43:53.254Z - info: Using extension reports
2018-02-08T12:43:53.254Z - info: Using extension reports
2018-02-08T12:43:53.286Z - info: Using extension resources
2018-02-08T12:43:53.335Z - info: Using extension assets
2018-02-08T12:43:53.347Z - info: Using extension xlsx
2018-02-08T12:43:53.512Z - info: Using extension scheduling
2018-02-08T12:43:53.589Z - info: Using extension scripts
2018-02-08T12:43:53.591Z - info: Using extension assets
2018-02-08T12:43:53.597Z - info: Using extension scheduling
2018-02-08T12:43:53.630Z - info: Using extension scripts
2018-02-08T12:43:53.667Z - info: Using extension xlsx
2018-02-08T12:43:53.807Z - info: Using extension sample-template
2018-02-08T12:43:53.835Z - info: Using extension public-templates
2018-02-08T12:43:53.866Z - info: Using extension sample-template
2018-02-08T12:43:53.882Z - info: Using extension public-templates
2018-02-08T12:43:53.882Z - info: Initializing fs storage at C:\workspace\ecsms\data
2018-02-08T12:43:54.027Z - info: Configuring routes for existing express app.
2018-02-08T12:43:54.112Z - info: Using existing server instance.
2018-02-08T12:43:54.113Z - info: Configuring routes for existing express app.
2018-02-08T12:43:54.202Z - info: Using existing server instance.
2018-02-08T12:43:54.211Z - info: Verifying license key free
2018-02-08T12:43:54.279Z - info: Using free license
2018-02-08T12:43:54.280Z - info: Verifying license key free
2018-02-08T12:43:54.281Z - info: Using free license
2018-02-08T12:43:54.287Z - info: reporter initialized
2018-02-08T12:44:26.840Z - info: Initializing jsreport@1.10.0 in development mode using configuration file: jsreport.config.json
2018-02-08T12:44:26.841Z - info: Setting process based strategy for rendering. Please visit http://jsreport.net/learn/configuration for information how to get more performance.
2018-02-08T12:44:26.844Z - info: Searching for available extensions in C:\workspace\ecsms\
2018-02-08T12:44:26.918Z - info: Extensions location cache contains up to date information, skipping crawling in C:\workspace\ecsms\node_modules\
2018-02-08T12:44:28.537Z - info: Found 60 extensions
2018-02-08T12:44:28.576Z - info: Using extension templates
2018-02-08T12:44:28.622Z - info: Using extension debug
2018-02-08T12:44:28.622Z - info: Using extension express
2018-02-08T12:44:28.700Z - info: Using extension fop-pdf
2018-02-08T12:44:28.700Z - info: Using extension handlebars
2018-02-08T12:44:28.700Z - info: Using extension import-export
2018-02-08T12:44:28.932Z - info: Using extension jsrender
2018-02-08T12:44:28.932Z - info: Using extension templates
2018-02-08T12:44:28.947Z - info: Using extension tags
2018-02-08T12:44:28.947Z - info: Using extension cli
2018-02-08T12:44:28.947Z - info: Using extension cli
2018-02-08T12:44:28.947Z - info: Using extension debug
2018-02-08T12:44:28.947Z - info: Using extension express
2018-02-08T12:44:29.025Z - info: Using extension fop-pdf
2018-02-08T12:44:29.071Z - info: Using extension handlebars
2018-02-08T12:44:29.071Z - info: Using extension import-export
2018-02-08T12:44:29.252Z - info: Using extension jsrender
2018-02-08T12:44:29.253Z - info: Using extension tags
2018-02-08T12:44:29.259Z - info: Using extension resources
2018-02-08T12:44:29.265Z - info: Using extension browser-client
2018-02-08T12:44:29.267Z - info: Using extension studio
2018-02-08T12:44:29.364Z - info: Using extension child-templates
2018-02-08T12:44:29.373Z - info: Using extension authorization
2018-02-08T12:44:29.375Z - info: Using extension text
2018-02-08T12:44:29.376Z - info: Using extension fs-store
2018-02-08T12:44:29.619Z - info: Using extension studio
2018-02-08T12:44:29.677Z - info: Using extension authorization
2018-02-08T12:44:29.701Z - info: Using extension base
2018-02-08T12:44:29.716Z - info: Using extension browser-client
2018-02-08T12:44:29.717Z - info: Using extension child-templates
2018-02-08T12:44:29.725Z - info: Using extension html-to-xlsx
2018-02-08T12:44:29.811Z - info: Using extension data
2018-02-08T12:44:29.849Z - info: Using extension images
2018-02-08T12:44:29.852Z - info: Using extension data
2018-02-08T12:44:29.854Z - info: Using extension base
2018-02-08T12:44:29.854Z - info: Using extension fs-store
2018-02-08T12:44:30.151Z - info: Using extension licensing
2018-02-08T12:44:30.328Z - info: Using extension html-to-xlsx
2018-02-08T12:44:30.437Z - info: Using extension images
2018-02-08T12:44:30.484Z - info: Using extension phantom-pdf
2018-02-08T12:44:30.533Z - info: Using extension text
2018-02-08T12:44:30.534Z - info: Using extension licensing
2018-02-08T12:44:30.597Z - info: Using extension phantom-pdf
2018-02-08T12:44:30.675Z - info: Using extension reports
2018-02-08T12:44:30.691Z - info: Using extension reports
2018-02-08T12:44:30.734Z - info: Using extension resources
2018-02-08T12:44:30.772Z - info: Using extension assets
2018-02-08T12:44:30.784Z - info: Using extension xlsx
2018-02-08T12:44:30.956Z - info: Using extension scheduling
2018-02-08T12:44:31.034Z - info: Using extension scripts
2018-02-08T12:44:31.036Z - info: Using extension assets
2018-02-08T12:44:31.042Z - info: Using extension scheduling
2018-02-08T12:44:31.076Z - info: Using extension scripts
2018-02-08T12:44:31.113Z - info: Using extension xlsx
2018-02-08T12:44:31.245Z - info: Using extension sample-template
2018-02-08T12:44:31.282Z - info: Using extension public-templates
2018-02-08T12:44:31.334Z - info: Using extension sample-template
2018-02-08T12:44:31.336Z - info: Using extension public-templates
2018-02-08T12:44:31.341Z - info: Initializing fs storage at C:\workspace\ecsms\data
2018-02-08T12:44:31.472Z - info: Configuring routes for existing express app.
2018-02-08T12:44:31.550Z - info: Using existing server instance.
2018-02-08T12:44:31.550Z - info: Configuring routes for existing express app.
2018-02-08T12:44:31.644Z - info: Using existing server instance.
2018-02-08T12:44:31.659Z - info: Verifying license key free
2018-02-08T12:44:31.731Z - info: Using free license
2018-02-08T12:44:31.733Z - info: Verifying license key free
2018-02-08T12:44:31.734Z - info: Using free license
2018-02-08T12:44:31.739Z - info: reporter initialized
2018-02-08T12:45:47.141Z - info: Initializing jsreport@1.10.0 in development mode using configuration file: jsreport.config.json
2018-02-08T12:45:47.141Z - info: Setting process based strategy for rendering. Please visit http://jsreport.net/learn/configuration for information how to get more performance.
2018-02-08T12:45:47.144Z - info: Searching for available extensions in C:\workspace\ecsms\
2018-02-08T12:45:47.199Z - info: Extensions location cache contains up to date information, skipping crawling in C:\workspace\ecsms\node_modules\
2018-02-08T12:45:48.942Z - info: Found 60 extensions
2018-02-08T12:45:48.976Z - info: Using extension templates
2018-02-08T12:45:49.027Z - info: Using extension debug
2018-02-08T12:45:49.029Z - info: Using extension express
2018-02-08T12:45:49.083Z - info: Using extension fop-pdf
2018-02-08T12:45:49.092Z - info: Using extension handlebars
2018-02-08T12:45:49.095Z - info: Using extension import-export
2018-02-08T12:45:49.366Z - info: Using extension jsrender
2018-02-08T12:45:49.367Z - info: Using extension templates
2018-02-08T12:45:49.372Z - info: Using extension tags
2018-02-08T12:45:49.375Z - info: Using extension cli
2018-02-08T12:45:49.376Z - info: Using extension cli
2018-02-08T12:45:49.376Z - info: Using extension debug
2018-02-08T12:45:49.377Z - info: Using extension express
2018-02-08T12:45:49.447Z - info: Using extension fop-pdf
2018-02-08T12:45:49.498Z - info: Using extension handlebars
2018-02-08T12:45:49.499Z - info: Using extension import-export
2018-02-08T12:45:49.685Z - info: Using extension jsrender
2018-02-08T12:45:49.686Z - info: Using extension tags
2018-02-08T12:45:49.692Z - info: Using extension resources
2018-02-08T12:45:49.697Z - info: Using extension browser-client
2018-02-08T12:45:49.699Z - info: Using extension studio
2018-02-08T12:45:49.795Z - info: Using extension child-templates
2018-02-08T12:45:49.803Z - info: Using extension authorization
2018-02-08T12:45:49.805Z - info: Using extension text
2018-02-08T12:45:49.806Z - info: Using extension fs-store
2018-02-08T12:45:50.053Z - info: Using extension studio
2018-02-08T12:45:50.108Z - info: Using extension authorization
2018-02-08T12:45:50.151Z - info: Using extension base
2018-02-08T12:45:50.152Z - info: Using extension browser-client
2018-02-08T12:45:50.153Z - info: Using extension child-templates
2018-02-08T12:45:50.162Z - info: Using extension html-to-xlsx
2018-02-08T12:45:50.242Z - info: Using extension data
2018-02-08T12:45:50.288Z - info: Using extension images
2018-02-08T12:45:50.291Z - info: Using extension data
2018-02-08T12:45:50.292Z - info: Using extension base
2018-02-08T12:45:50.293Z - info: Using extension fs-store
2018-02-08T12:45:50.604Z - info: Using extension licensing
2018-02-08T12:45:50.730Z - info: Using extension html-to-xlsx
2018-02-08T12:45:50.835Z - info: Using extension images
2018-02-08T12:45:50.874Z - info: Using extension phantom-pdf
2018-02-08T12:45:50.917Z - info: Using extension text
2018-02-08T12:45:50.918Z - info: Using extension licensing
2018-02-08T12:45:50.997Z - info: Using extension phantom-pdf
2018-02-08T12:45:51.075Z - info: Using extension reports
2018-02-08T12:45:51.079Z - info: Using extension reports
2018-02-08T12:45:51.116Z - info: Using extension resources
2018-02-08T12:45:51.152Z - info: Using extension assets
2018-02-08T12:45:51.164Z - info: Using extension xlsx
2018-02-08T12:45:51.336Z - info: Using extension scheduling
2018-02-08T12:45:51.408Z - info: Using extension scripts
2018-02-08T12:45:51.410Z - info: Using extension assets
2018-02-08T12:45:51.416Z - info: Using extension scheduling
2018-02-08T12:45:51.448Z - info: Using extension scripts
2018-02-08T12:45:51.493Z - info: Using extension xlsx
2018-02-08T12:45:51.631Z - info: Using extension sample-template
2018-02-08T12:45:51.669Z - info: Using extension public-templates
2018-02-08T12:45:51.708Z - info: Using extension sample-template
2018-02-08T12:45:51.710Z - info: Using extension public-templates
2018-02-08T12:45:51.715Z - info: Initializing fs storage at C:\workspace\ecsms\data
2018-02-08T12:45:51.908Z - info: Configuring routes for existing express app.
2018-02-08T12:45:51.982Z - info: Using existing server instance.
2018-02-08T12:45:51.983Z - info: Configuring routes for existing express app.
2018-02-08T12:45:52.067Z - info: Using existing server instance.
2018-02-08T12:45:52.080Z - info: Verifying license key free
2018-02-08T12:45:52.081Z - info: Using free license
2018-02-08T12:45:52.082Z - info: Verifying license key free
2018-02-08T12:45:52.082Z - info: Using free license
2018-02-08T12:45:52.086Z - info: reporter initialized
2018-02-08T12:47:32.152Z - info: Initializing jsreport@1.10.0 in development mode using configuration file: jsreport.config.json
2018-02-08T12:47:32.152Z - info: Setting process based strategy for rendering. Please visit http://jsreport.net/learn/configuration for information how to get more performance.
2018-02-08T12:47:32.167Z - info: Searching for available extensions in C:\workspace\ecsms\
2018-02-08T12:47:32.208Z - info: Extensions location cache contains up to date information, skipping crawling in C:\workspace\ecsms\node_modules\
2018-02-08T12:47:33.821Z - info: Found 60 extensions
2018-02-08T12:47:33.853Z - info: Using extension templates
2018-02-08T12:47:33.900Z - info: Using extension debug
2018-02-08T12:47:33.900Z - info: Using extension express
2018-02-08T12:47:33.946Z - info: Using extension fop-pdf
2018-02-08T12:47:33.962Z - info: Using extension handlebars
2018-02-08T12:47:33.962Z - info: Using extension import-export
2018-02-08T12:47:34.183Z - info: Using extension jsrender
2018-02-08T12:47:34.183Z - info: Using extension templates
2018-02-08T12:47:34.183Z - info: Using extension tags
2018-02-08T12:47:34.199Z - info: Using extension cli
2018-02-08T12:47:34.199Z - info: Using extension cli
2018-02-08T12:47:34.200Z - info: Using extension debug
2018-02-08T12:47:34.201Z - info: Using extension express
2018-02-08T12:47:34.268Z - info: Using extension fop-pdf
2018-02-08T12:47:34.308Z - info: Using extension handlebars
2018-02-08T12:47:34.308Z - info: Using extension import-export
2018-02-08T12:47:34.500Z - info: Using extension jsrender
2018-02-08T12:47:34.500Z - info: Using extension tags
2018-02-08T12:47:34.500Z - info: Using extension resources
2018-02-08T12:47:34.516Z - info: Using extension browser-client
2018-02-08T12:47:34.516Z - info: Using extension studio
2018-02-08T12:47:34.615Z - info: Using extension child-templates
2018-02-08T12:47:34.615Z - info: Using extension authorization
2018-02-08T12:47:34.615Z - info: Using extension text
2018-02-08T12:47:34.615Z - info: Using extension fs-store
2018-02-08T12:47:34.900Z - info: Using extension studio
2018-02-08T12:47:34.951Z - info: Using extension authorization
2018-02-08T12:47:34.998Z - info: Using extension base
2018-02-08T12:47:34.998Z - info: Using extension browser-client
2018-02-08T12:47:34.998Z - info: Using extension child-templates
2018-02-08T12:47:35.014Z - info: Using extension html-to-xlsx
2018-02-08T12:47:35.076Z - info: Using extension data
2018-02-08T12:47:35.123Z - info: Using extension images
2018-02-08T12:47:35.123Z - info: Using extension data
2018-02-08T12:47:35.123Z - info: Using extension base
2018-02-08T12:47:35.123Z - info: Using extension fs-store
2018-02-08T12:47:35.477Z - info: Using extension licensing
2018-02-08T12:47:35.602Z - info: Using extension html-to-xlsx
2018-02-08T12:47:35.738Z - info: Using extension images
2018-02-08T12:47:35.788Z - info: Using extension phantom-pdf
2018-02-08T12:47:35.822Z - info: Using extension text
2018-02-08T12:47:35.822Z - info: Using extension licensing
2018-02-08T12:47:35.916Z - info: Using extension phantom-pdf
2018-02-08T12:47:35.994Z - info: Using extension reports
2018-02-08T12:47:35.994Z - info: Using extension reports
2018-02-08T12:47:36.041Z - info: Using extension resources
2018-02-08T12:47:36.089Z - info: Using extension assets
2018-02-08T12:47:36.089Z - info: Using extension xlsx
2018-02-08T12:47:36.276Z - info: Using extension scheduling
2018-02-08T12:47:36.354Z - info: Using extension scripts
2018-02-08T12:47:36.354Z - info: Using extension assets
2018-02-08T12:47:36.354Z - info: Using extension scheduling
2018-02-08T12:47:36.385Z - info: Using extension scripts
2018-02-08T12:47:36.432Z - info: Using extension xlsx
2018-02-08T12:47:36.583Z - info: Using extension sample-template
2018-02-08T12:47:36.615Z - info: Using extension public-templates
2018-02-08T12:47:36.662Z - info: Using extension sample-template
2018-02-08T12:47:36.662Z - info: Using extension public-templates
2018-02-08T12:47:36.677Z - info: Initializing fs storage at C:\workspace\ecsms\data
2018-02-08T12:47:36.883Z - info: Configuring routes for existing express app.
2018-02-08T12:47:36.983Z - info: Using existing server instance.
2018-02-08T12:47:36.983Z - info: Configuring routes for existing express app.
2018-02-08T12:47:37.077Z - info: Using existing server instance.
2018-02-08T12:47:37.093Z - info: Verifying license key free
2018-02-08T12:47:37.093Z - info: Using free license
2018-02-08T12:47:37.093Z - info: Verifying license key free
2018-02-08T12:47:37.093Z - info: Using free license
2018-02-08T12:47:37.108Z - info: reporter initialized
2018-02-08T12:48:47.430Z - info: Initializing jsreport@1.10.0 in development mode using configuration file: jsreport.config.json
2018-02-08T12:48:47.431Z - info: Setting process based strategy for rendering. Please visit http://jsreport.net/learn/configuration for information how to get more performance.
2018-02-08T12:48:47.435Z - info: Searching for available extensions in C:\workspace\ecsms\
2018-02-08T12:48:47.502Z - info: Extensions location cache contains up to date information, skipping crawling in C:\workspace\ecsms\node_modules\
2018-02-08T12:48:49.300Z - info: Found 60 extensions
2018-02-08T12:48:49.336Z - info: Using extension templates
2018-02-08T12:48:49.391Z - info: Using extension debug
2018-02-08T12:48:49.393Z - info: Using extension express
2018-02-08T12:48:49.447Z - info: Using extension fop-pdf
2018-02-08T12:48:49.454Z - info: Using extension handlebars
2018-02-08T12:48:49.456Z - info: Using extension import-export
2018-02-08T12:48:49.736Z - info: Using extension jsrender
2018-02-08T12:48:49.737Z - info: Using extension templates
2018-02-08T12:48:49.742Z - info: Using extension tags
2018-02-08T12:48:49.744Z - info: Using extension cli
2018-02-08T12:48:49.745Z - info: Using extension cli
2018-02-08T12:48:49.746Z - info: Using extension debug
2018-02-08T12:48:49.748Z - info: Using extension express
2018-02-08T12:48:49.839Z - info: Using extension fop-pdf
2018-02-08T12:48:49.905Z - info: Using extension handlebars
2018-02-08T12:48:49.907Z - info: Using extension import-export
2018-02-08T12:48:50.130Z - info: Using extension jsrender
2018-02-08T12:48:50.131Z - info: Using extension tags
2018-02-08T12:48:50.139Z - info: Using extension resources
2018-02-08T12:48:50.145Z - info: Using extension browser-client
2018-02-08T12:48:50.146Z - info: Using extension studio
2018-02-08T12:48:50.253Z - info: Using extension child-templates
2018-02-08T12:48:50.261Z - info: Using extension authorization
2018-02-08T12:48:50.263Z - info: Using extension text
2018-02-08T12:48:50.264Z - info: Using extension fs-store
2018-02-08T12:48:50.531Z - info: Using extension studio
2018-02-08T12:48:50.588Z - info: Using extension authorization
2018-02-08T12:48:50.632Z - info: Using extension base
2018-02-08T12:48:50.633Z - info: Using extension browser-client
2018-02-08T12:48:50.635Z - info: Using extension child-templates
2018-02-08T12:48:50.643Z - info: Using extension html-to-xlsx
2018-02-08T12:48:50.730Z - info: Using extension data
2018-02-08T12:48:50.783Z - info: Using extension images
2018-02-08T12:48:50.786Z - info: Using extension data
2018-02-08T12:48:50.789Z - info: Using extension base
2018-02-08T12:48:50.789Z - info: Using extension fs-store
2018-02-08T12:48:51.114Z - info: Using extension licensing
2018-02-08T12:48:51.246Z - info: Using extension html-to-xlsx
2018-02-08T12:48:51.358Z - info: Using extension images
2018-02-08T12:48:51.399Z - info: Using extension phantom-pdf
2018-02-08T12:48:51.448Z - info: Using extension text
2018-02-08T12:48:51.449Z - info: Using extension licensing
2018-02-08T12:48:51.543Z - info: Using extension phantom-pdf
2018-02-08T12:48:51.630Z - info: Using extension reports
2018-02-08T12:48:51.634Z - info: Using extension reports
2018-02-08T12:48:51.675Z - info: Using extension resources
2018-02-08T12:48:51.712Z - info: Using extension assets
2018-02-08T12:48:51.724Z - info: Using extension xlsx
2018-02-08T12:48:51.933Z - info: Using extension scheduling
2018-02-08T12:48:52.014Z - info: Using extension scripts
2018-02-08T12:48:52.016Z - info: Using extension assets
2018-02-08T12:48:52.021Z - info: Using extension scheduling
2018-02-08T12:48:52.061Z - info: Using extension scripts
2018-02-08T12:48:52.100Z - info: Using extension xlsx
2018-02-08T12:48:52.244Z - info: Using extension sample-template
2018-02-08T12:48:52.282Z - info: Using extension public-templates
2018-02-08T12:48:52.323Z - info: Using extension sample-template
2018-02-08T12:48:52.325Z - info: Using extension public-templates
2018-02-08T12:48:52.331Z - info: Initializing fs storage at C:\workspace\ecsms\data
2018-02-08T12:48:52.478Z - info: Configuring routes for existing express app.
2018-02-08T12:48:52.568Z - info: Using existing server instance.
2018-02-08T12:48:52.569Z - info: Configuring routes for existing express app.
2018-02-08T12:48:52.662Z - info: Using existing server instance.
2018-02-08T12:48:52.674Z - info: Verifying license key free
2018-02-08T12:48:52.755Z - info: Using free license
2018-02-08T12:48:52.756Z - info: Verifying license key free
2018-02-08T12:48:52.757Z - info: Using free license
2018-02-08T12:48:52.763Z - info: reporter initialized
